<?xml version="1.0" encoding="UTF-8"?>
<!-- Generated by org.testng.reporters.JUnitReportReporter -->
<testsuite hostname="Sasikumar" failures="0" tests="1" name="org.sasiguides.nopCommerce.testcases.AddToCart" time="43.034" errors="0" timestamp="2024-01-01T17:28:47 IST" skipped="0">
  <testcase classname="org.sasiguides.nopCommerce.testcases.AddToCart" name="addToCart" time="43.034"/>
</testsuite> <!-- org.sasiguides.nopCommerce.testcases.AddToCart -->
