<?xml version="1.0" encoding="UTF-8"?>
<!-- Generated by org.testng.reporters.JUnitReportReporter -->
<testsuite hostname="Sasikumar" failures="0" tests="1" name="org.sasiguides.nopCommerce.testcases.UserLogin" time="9.678" errors="0" timestamp="2024-01-01T17:28:47 IST" skipped="0">
  <testcase classname="org.sasiguides.nopCommerce.testcases.UserLogin" name="login" time="9.678"/>
</testsuite> <!-- org.sasiguides.nopCommerce.testcases.UserLogin -->
