<?xml version="1.0" encoding="UTF-8"?>
<!-- Generated by org.testng.reporters.JUnitReportReporter -->
<testsuite hostname="Sasikumar" failures="0" tests="1" name="org.orangeHrm.testscenarios.FifthCaseScenario" time="0.891" errors="0" timestamp="2023-12-29T16:43:57 IST" skipped="0">
  <testcase classname="org.orangeHrm.testscenarios.FifthCaseScenario" name="fifthCaseScenario" time="0.891"/>
</testsuite> <!-- org.orangeHrm.testscenarios.FifthCaseScenario -->
