<?xml version="1.0" encoding="UTF-8"?>
<!-- Generated by org.testng.reporters.JUnitReportReporter -->
<testsuite hostname="Sasikumar" failures="0" tests="1" name="org.sasiguides.nopCommerce.testcases.UserLogin" time="6.086" errors="0" timestamp="2023-12-31T12:25:23 IST" skipped="0">
  <testcase classname="org.sasiguides.nopCommerce.testcases.UserLogin" name="login" time="6.086"/>
</testsuite> <!-- org.sasiguides.nopCommerce.testcases.UserLogin -->
