<?xml version="1.0" encoding="UTF-8"?>
<!-- Generated by org.testng.reporters.JUnitReportReporter -->
<testsuite hostname="Sasikumar" failures="0" tests="1" name="org.sasiguides.nopCommerce.testcases.LoginNopCommerce" time="2.379" errors="0" timestamp="2023-12-31T12:11:04 IST" skipped="0">
  <testcase classname="org.sasiguides.nopCommerce.testcases.LoginNopCommerce" name="nopCommerceRegister" time="2.379"/>
</testsuite> <!-- org.sasiguides.nopCommerce.testcases.LoginNopCommerce -->
