<?xml version="1.0" encoding="UTF-8"?>
<!-- Generated by org.testng.reporters.JUnitReportReporter -->
<testsuite hostname="Sasikumar" failures="0" tests="1" name="org.sasiguides.nopCommerce.testcases.LoginNopCommerce" time="2.626" errors="0" timestamp="2023-12-31T19:09:30 IST" skipped="0">
  <testcase classname="org.sasiguides.nopCommerce.testcases.LoginNopCommerce" name="nopCommerceRegister" time="2.626"/>
</testsuite> <!-- org.sasiguides.nopCommerce.testcases.LoginNopCommerce -->
