<?xml version="1.0" encoding="UTF-8"?>
<!-- Generated by org.testng.reporters.JUnitReportReporter -->
<testsuite hostname="Sasikumar" failures="0" tests="1" name="org.project.testcases.ScenarioThree" time="82.404" errors="0" timestamp="2023-12-25T04:58:07 IST" skipped="0">
  <testcase classname="org.project.testcases.ScenarioThree" name="thirdScenarioTest" time="82.404"/>
</testsuite> <!-- org.project.testcases.ScenarioThree -->
