<?xml version="1.0" encoding="UTF-8"?>
<!-- Generated by org.testng.reporters.JUnitReportReporter -->
<testsuite hostname="Sasikumar" failures="0" tests="1" name="org.orangeHrm.testscenarios.FirstCaseScenario" time="6.484" errors="0" timestamp="2023-12-29T16:43:57 IST" skipped="0">
  <testcase classname="org.orangeHrm.testscenarios.FirstCaseScenario" name="firstCaseScenario" time="6.484"/>
</testsuite> <!-- org.orangeHrm.testscenarios.FirstCaseScenario -->
