<?xml version="1.0" encoding="UTF-8"?>
<!-- Generated by org.testng.reporters.JUnitReportReporter -->
<testsuite hostname="Sasikumar" failures="0" tests="1" name="org.orangeHrm.testscenarios.FirstCaseScenario" time="5.487" errors="0" timestamp="2023-12-29T16:31:08 IST" skipped="0">
  <testcase classname="org.orangeHrm.testscenarios.FirstCaseScenario" name="firstCaseScenario" time="5.487"/>
</testsuite> <!-- org.orangeHrm.testscenarios.FirstCaseScenario -->
