<?xml version="1.0" encoding="UTF-8"?>
<!-- Generated by org.testng.reporters.JUnitReportReporter -->
<testsuite hostname="Sasikumar" failures="0" tests="1" name="org.sasiguides.neworangehrm.Demo" time="0.026" errors="0" timestamp="2023-12-30T20:04:55 IST" skipped="0">
  <testcase classname="org.sasiguides.neworangehrm.Demo" name="loginValidation" time="0.026"/>
</testsuite> <!-- org.sasiguides.neworangehrm.Demo -->
