<?xml version="1.0" encoding="UTF-8"?>
<!-- Generated by org.testng.reporters.JUnitReportReporter -->
<testsuite hostname="Sasikumar" failures="0" tests="1" name="org.sasiguides.nopCommerce.testcases.AddToCart" time="11.100" errors="0" timestamp="2023-12-31T19:09:54 IST" skipped="0">
  <testcase classname="org.sasiguides.nopCommerce.testcases.AddToCart" name="addToCart" time="11.100"/>
</testsuite> <!-- org.sasiguides.nopCommerce.testcases.AddToCart -->
