<?xml version="1.0" encoding="UTF-8"?>
<!-- Generated by org.testng.reporters.JUnitReportReporter -->
<testsuite hostname="Sasikumar" failures="0" tests="1" name="org.orangeHrm.UserDashboard.testscenarios.SecondScenario" time="20.455" errors="0" timestamp="2023-12-30T07:54:12 IST" skipped="0">
  <testcase classname="org.orangeHrm.UserDashboard.testscenarios.SecondScenario" name="secondScenario" time="20.455"/>
</testsuite> <!-- org.orangeHrm.UserDashboard.testscenarios.SecondScenario -->
