<?xml version="1.0" encoding="UTF-8"?>
<!-- Generated by org.testng.reporters.JUnitReportReporter -->
<testsuite hostname="Sasikumar" failures="0" tests="1" name="org.orangeHrm.UserDashboard.testscenarios.FirstScenario" time="9.037" errors="0" timestamp="2023-12-30T05:57:48 IST" skipped="0">
  <testcase classname="org.orangeHrm.UserDashboard.testscenarios.FirstScenario" name="userDashboardScenario1" time="9.037"/>
</testsuite> <!-- org.orangeHrm.UserDashboard.testscenarios.FirstScenario -->
