<?xml version="1.0" encoding="UTF-8"?>
<!-- Generated by org.testng.reporters.JUnitReportReporter -->
<testsuite hostname="Sasikumar" failures="0" tests="1" name="org.project.democart.testcases.Scenarios" time="2.122" errors="0" timestamp="2023-12-28T21:57:38 IST" skipped="0">
  <testcase classname="org.project.democart.testcases.Scenarios" name="hoverDesktops" time="2.122"/>
</testsuite> <!-- org.project.democart.testcases.Scenarios -->
