<?xml version="1.0" encoding="UTF-8"?>
<!-- Generated by org.testng.reporters.JUnitReportReporter -->
<testsuite hostname="Sasikumar" failures="0" tests="1" name="org.sasiguides.nopCommerce.testcases.Demo" time="3.173" errors="0" timestamp="2023-12-30T22:12:31 IST" skipped="0">
  <testcase classname="org.sasiguides.nopCommerce.testcases.Demo" name="nopCommerceRegister" time="3.173"/>
</testsuite> <!-- org.sasiguides.nopCommerce.testcases.Demo -->
