<?xml version="1.0" encoding="UTF-8"?>
<!-- Generated by org.testng.reporters.JUnitReportReporter -->
<testsuite hostname="Sasikumar" failures="0" tests="1" name="org.orangeHrm.testscenarios.Scenarios" time="4.192" errors="0" timestamp="2023-12-29T15:49:33 IST" skipped="0">
  <testcase classname="org.orangeHrm.testscenarios.Scenarios" name="firstCaseScenario" time="4.192"/>
</testsuite> <!-- org.orangeHrm.testscenarios.Scenarios -->
