<?xml version="1.0" encoding="UTF-8"?>
<!-- Generated by org.testng.reporters.JUnitReportReporter -->
<testsuite hostname="Sasikumar" failures="0" tests="1" name="org.orangeHrm.testscenarios.FourthCaseScenario" time="0.628" errors="0" timestamp="2023-12-29T16:43:57 IST" skipped="0">
  <testcase classname="org.orangeHrm.testscenarios.FourthCaseScenario" name="fourthCaseScenario" time="0.628"/>
</testsuite> <!-- org.orangeHrm.testscenarios.FourthCaseScenario -->
