<?xml version="1.0" encoding="UTF-8"?>
<!-- Generated by org.testng.reporters.JUnitReportReporter -->
<testsuite hostname="Sasikumar" failures="0" tests="1" name="rough.practices.Rough" time="5.035" errors="0" timestamp="2023-12-30T05:43:28 IST" skipped="0">
  <testcase classname="rough.practices.Rough" name="roughSession" time="5.035"/>
</testsuite> <!-- rough.practices.Rough -->
