<?xml version="1.0" encoding="UTF-8"?>
<!-- Generated by org.testng.reporters.JUnitReportReporter -->
<testsuite hostname="Sasikumar" failures="0" tests="1" name="org.orangeHrm.UserDashboard.testscenarios.ThirdScenario" time="16.519" errors="0" timestamp="2023-12-30T19:06:55 IST" skipped="0">
  <testcase classname="org.orangeHrm.UserDashboard.testscenarios.ThirdScenario" name="testingThirdScenario" time="16.519"/>
</testsuite> <!-- org.orangeHrm.UserDashboard.testscenarios.ThirdScenario -->
