<?xml version="1.0" encoding="UTF-8"?>
<!-- Generated by org.testng.reporters.JUnitReportReporter -->
<testsuite hostname="Sasikumar" failures="0" tests="1" name="org.nopCommerce.extent.extentReports.testcases.ExtReportTestNG" time="4.244" errors="0" timestamp="2024-01-01T05:03:45 IST" skipped="0">
  <testcase classname="org.nopCommerce.extent.extentReports.testcases.ExtReportTestNG" name="testName" time="4.244"/>
</testsuite> <!-- org.nopCommerce.extent.extentReports.testcases.ExtReportTestNG -->
